<?xml version="1.0" encoding="UTF-8" ?>
<testsuite tests="8" failures="0" name="com.example.AppTest" time="6.837" errors="0" skipped="0">
  <properties>
[...]
</properties>
  <testcase classname="com.example.AppTest" name="shouldAnswerWithTrue" time="0.651"/>
  <testcase classname="com.example.AppTest" name="testInitializeMenuBar" time="1.274"/>
  <testcase classname="com.example.AppTest" name="testInitializeFrame" time="0.718"/>
  <testcase classname="com.example.AppTest" name="testAppConstructor" time="0.703"/>
  <testcase classname="com.example.AppTest" name="testWindowClosing" time="1.003"/>
  <testcase classname="com.example.AppTest" name="testInitializeTextArea" time="0.7"/>
  <testcase classname="com.example.AppTest" name="testKillWithoutUnsavedChanges" time="0.707"/>
  <testcase classname="com.example.AppTest" name="testKeyboardShortcuts" time="1.081"/>
</testsuite>