<?xml version="1.0" encoding="UTF-8" ?>
<testsuite tests="3" failures="0" name="com.example.AppTest" time="2.07" errors="2" skipped="0">
  <properties>
    <property name="java.runtime.name" value="Java(TM) SE Runtime Environment"/>
    <property name="java.vm.version" value="23.0.1+11-39"/>
    <property name="sun.boot.library.path" value="C:\Program Files\Java\jdk-23\bin"/>
    <property name="maven.multiModuleProjectDirectory" value="D:\github\Notepad_DV033G"/>
    <property name="java.vm.vendor" value="Oracle Corporation"/>
    <property name="java.vendor.url" value="https://java.oracle.com/"/>
    <property name="guice.disable.misplaced.annotation.check" value="true"/>
    <property name="path.separator" value=";"/>
    <property name="java.vm.name" value="Java HotSpot(TM) 64-Bit Server VM"/>
    <property name="sun.os.patch.level" value=""/>
    <property name="user.script" value=""/>
    <property name="user.country" value="GB"/>
    <property name="sun.java.launcher" value="SUN_STANDARD"/>
    <property name="java.vm.specification.name" value="Java Virtual Machine Specification"/>
    <property name="user.dir" value="D:\github\Notepad_DV033G"/>
    <property name="java.vm.compressedOopsMode" value="Zero based"/>
    <property name="java.runtime.version" value="23.0.1+11-39"/>
    <property name="os.arch" value="amd64"/>
    <property name="java.io.tmpdir" value="C:\Users\juuce\AppData\Local\Temp\"/>
    <property name="line.separator" value="
"/>
    <property name="java.vm.specification.vendor" value="Oracle Corporation"/>
    <property name="user.variant" value=""/>
    <property name="stderr.encoding" value="cp437"/>
    <property name="os.name" value="Windows 11"/>
    <property name="classworlds.conf" value="C:\maven\apache-maven-3.8.8\bin\m2.conf"/>
    <property name="sun.jnu.encoding" value="Cp1252"/>
    <property name="stdout.encoding" value="cp437"/>
    <property name="java.library.path" value="C:\Program Files\Java\jdk-23\bin;C:\WINDOWS\Sun\Java\bin;C:\WINDOWS\system32;C:\WINDOWS;C:\Program Files\PowerShell\7;C:\WINDOWS\system32;C:\WINDOWS;C:\WINDOWS\System32\Wbem;C:\WINDOWS\System32\WindowsPowerShell\v1.0\;C:\WINDOWS\System32\OpenSSH\;C:\Program Files (x86)\NVIDIA Corporation\PhysX\Common;C:\Program Files\Java\jdk-23\bin;C:\Users\juuce\AppData\Local\Android\Sdk\platform-tools;C:\Users\juuce\AppData\Local\Android\Sdk\cmdline-tools\bin;C:\Users\juuce\AppData\Local\Android\Sdk\build-tools\34.0.0;C:\Users\juuce\AppData\Local\Android\Sdk\build-tools\35.0.0;C:\maven\apache-maven-3.8.8\bin;C:\gradle\gradle-8.10.2\bin;C:\Users\juuce\AppData\Local\Programs\MiKTeX;C:\Users\juuce\AppData\Local\Programs\MiKTeX\miktex\bin\x64;C:\Program Files\Git\cmd;C:\ProgramData\chocolatey\bin;C:\Program Files\nodejs\;C:\Program Files (x86)\JetBrains\IntelliJ IDEA Community Edition 2024.2.3\plugins\maven\lib\maven3\bin;C:\Program Files\PowerShell\7\;C:\Program Files (x86)\Windows Kits\10\Windows Performance Toolkit\;;C:\Program Files\NVIDIA Corporation\NVIDIA app\NvDLISR;C:\flutter\bin;C:\Users\juuce\AppData\Local\Programs\Python\Python313\;C:\Users\juuce\AppData\Local\Programs\Python\Launcher\;C:\Users\juuce\AppData\Local\Microsoft\WindowsApps;C:\Users\juuce\AppData\Local\Programs\Microsoft VS Code\bin;C:\Users\juuce\AppData\Roaming\npm;C:\Users\juuce\AppData\Local\Microsoft\WinGet\Packages\Martchus.syncthingtray_Microsoft.Winget.Source_8wekyb3d8bbwe;;."/>
    <property name="maven.conf" value="C:\maven\apache-maven-3.8.8/conf"/>
    <property name="jdk.debug" value="release"/>
    <property name="java.class.version" value="67.0"/>
    <property name="java.specification.name" value="Java Platform API Specification"/>
    <property name="sun.management.compiler" value="HotSpot 64-Bit Tiered Compilers"/>
    <property name="os.version" value="10.0"/>
    <property name="library.jansi.path" value="C:\maven\apache-maven-3.8.8\lib\jansi-native"/>
    <property name="user.home" value="C:\Users\juuce"/>
    <property name="user.timezone" value="Europe/Madrid"/>
    <property name="file.encoding" value="UTF-8"/>
    <property name="java.specification.version" value="23"/>
    <property name="user.name" value="juuce"/>
    <property name="java.class.path" value="C:\maven\apache-maven-3.8.8\boot\plexus-classworlds-2.6.0.jar"/>
    <property name="java.vm.specification.version" value="23"/>
    <property name="sun.arch.data.model" value="64"/>
    <property name="sun.java.command" value="org.codehaus.plexus.classworlds.launcher.Launcher clean test"/>
    <property name="java.home" value="C:\Program Files\Java\jdk-23"/>
    <property name="user.language" value="en"/>
    <property name="java.specification.vendor" value="Oracle Corporation"/>
    <property name="java.vm.info" value="mixed mode, sharing"/>
    <property name="java.version" value="23.0.1"/>
    <property name="native.encoding" value="Cp1252"/>
    <property name="java.vendor" value="Oracle Corporation"/>
    <property name="maven.home" value="C:\maven\apache-maven-3.8.8"/>
    <property name="file.separator" value="\"/>
    <property name="java.version.date" value="2024-10-15"/>
    <property name="java.vendor.url.bug" value="https://bugreport.java.com/bugreport/"/>
    <property name="sun.io.unicode.encoding" value="UnicodeLittle"/>
    <property name="sun.cpu.endian" value="little"/>
    <property name="sun.cpu.isalist" value="amd64"/>
  </properties>
  <testcase classname="com.example.AppTest" name="shouldAnswerWithTrue" time="0.813"/>
  <testcase classname="com.example.AppTest" name="testInitializeFrame" time="0.739">
    <error message="EDT violation detected" type="org.assertj.swing.exception.EdtViolationException">org.assertj.swing.exception.EdtViolationException: EDT violation detected
	at java.base/java.lang.Thread.getStackTrace(Thread.java:2389)
	at org.assertj.swing.edt.CheckThreadViolationRepaintManager.checkThreadViolations(CheckThreadViolationRepaintManager.java:82)
	at org.assertj.swing.edt.CheckThreadViolationRepaintManager.addDirtyRegion(CheckThreadViolationRepaintManager.java:65)
	at org.assertj.swing.edt.FailOnThreadViolationRepaintManager.addDirtyRegion(FailOnThreadViolationRepaintManager.java:33)
	at java.desktop/javax.swing.JComponent.repaint(JComponent.java:4905)
	at java.desktop/java.awt.Component.repaint(Component.java:3395)
	at java.desktop/javax.swing.JComponent.setFont(JComponent.java:2833)
	at java.desktop/javax.swing.LookAndFeel.installColorsAndFont(LookAndFeel.java:213)
	at java.desktop/javax.swing.plaf.basic.BasicPanelUI.installDefaults(BasicPanelUI.java:82)
	at java.desktop/javax.swing.plaf.basic.BasicPanelUI.installUI(BasicPanelUI.java:67)
	at java.desktop/javax.swing.JComponent.setUI(JComponent.java:740)
	at java.desktop/javax.swing.JPanel.setUI(JPanel.java:153)
	at java.desktop/javax.swing.JPanel.updateUI(JPanel.java:129)
	at java.desktop/javax.swing.JPanel.&lt;init&gt;(JPanel.java:89)
	at java.desktop/javax.swing.JPanel.&lt;init&gt;(JPanel.java:112)
	at java.desktop/javax.swing.JPanel.&lt;init&gt;(JPanel.java:120)
	at java.desktop/javax.swing.JRootPane.createGlassPane(JRootPane.java:508)
	at java.desktop/javax.swing.JRootPane.&lt;init&gt;(JRootPane.java:335)
	at java.desktop/javax.swing.JFrame.createRootPane(JFrame.java:279)
	at java.desktop/javax.swing.JFrame.frameInit(JFrame.java:258)
	at java.desktop/javax.swing.JFrame.&lt;init&gt;(JFrame.java:181)
	at com.example.App.&lt;init&gt;(App.java:27)
	at com.example.AppTest.testInitializeFrame(AppTest.java:53)
	at java.base/jdk.internal.reflect.DirectMethodHandleAccessor.invoke(DirectMethodHandleAccessor.java:103)
	at java.base/java.lang.reflect.Method.invoke(Method.java:580)
	at org.junit.runners.model.FrameworkMethod$1.runReflectiveCall(FrameworkMethod.java:59)
	at org.junit.internal.runners.model.ReflectiveCallable.run(ReflectiveCallable.java:12)
	at org.junit.runners.model.FrameworkMethod.invokeExplosively(FrameworkMethod.java:56)
	at org.junit.internal.runners.statements.InvokeMethod.evaluate(InvokeMethod.java:17)
	at org.junit.internal.runners.statements.RunBefores.evaluate(RunBefores.java:26)
	at org.junit.internal.runners.statements.RunAfters.evaluate(RunAfters.java:27)
	at org.junit.runners.ParentRunner$3.evaluate(ParentRunner.java:306)
	at org.junit.runners.BlockJUnit4ClassRunner$1.evaluate(BlockJUnit4ClassRunner.java:100)
	at org.junit.runners.ParentRunner.runLeaf(ParentRunner.java:366)
	at org.junit.runners.BlockJUnit4ClassRunner.runChild(BlockJUnit4ClassRunner.java:103)
	at org.junit.runners.BlockJUnit4ClassRunner.runChild(BlockJUnit4ClassRunner.java:63)
	at org.junit.runners.ParentRunner$4.run(ParentRunner.java:331)
	at org.junit.runners.ParentRunner$1.schedule(ParentRunner.java:79)
	at org.junit.runners.ParentRunner.runChildren(ParentRunner.java:329)
	at org.junit.runners.ParentRunner.access$100(ParentRunner.java:66)
	at org.junit.runners.ParentRunner$2.evaluate(ParentRunner.java:293)
	at org.junit.internal.runners.statements.RunBefores.evaluate(RunBefores.java:26)
	at org.junit.internal.runners.statements.RunAfters.evaluate(RunAfters.java:27)
	at org.junit.runners.ParentRunner$3.evaluate(ParentRunner.java:306)
	at org.junit.runners.ParentRunner.run(ParentRunner.java:413)
	at org.apache.maven.surefire.junit4.JUnit4Provider.execute(JUnit4Provider.java:252)
	at org.apache.maven.surefire.junit4.JUnit4Provider.executeTestSet(JUnit4Provider.java:141)
	at org.apache.maven.surefire.junit4.JUnit4Provider.invoke(JUnit4Provider.java:112)
	at java.base/jdk.internal.reflect.DirectMethodHandleAccessor.invoke(DirectMethodHandleAccessor.java:103)
	at java.base/java.lang.reflect.Method.invoke(Method.java:580)
	at org.apache.maven.surefire.util.ReflectionUtils.invokeMethodWithArray(ReflectionUtils.java:189)
	at org.apache.maven.surefire.booter.ProviderFactory$ProviderProxy.invoke(ProviderFactory.java:165)
	at org.apache.maven.surefire.booter.ProviderFactory.invokeProvider(ProviderFactory.java:85)
	at org.apache.maven.surefire.booter.ForkedBooter.runSuitesInProcess(ForkedBooter.java:115)
	at org.apache.maven.surefire.booter.ForkedBooter.main(ForkedBooter.java:75)
</error>
  </testcase>
  <testcase classname="com.example.AppTest" name="testAppConstructor" time="0.518">
    <error message="EDT violation detected" type="org.assertj.swing.exception.EdtViolationException">org.assertj.swing.exception.EdtViolationException: EDT violation detected
	at java.base/java.lang.Thread.getStackTrace(Thread.java:2389)
	at org.assertj.swing.edt.CheckThreadViolationRepaintManager.checkThreadViolations(CheckThreadViolationRepaintManager.java:82)
	at org.assertj.swing.edt.CheckThreadViolationRepaintManager.addDirtyRegion(CheckThreadViolationRepaintManager.java:65)
	at org.assertj.swing.edt.FailOnThreadViolationRepaintManager.addDirtyRegion(FailOnThreadViolationRepaintManager.java:33)
	at java.desktop/javax.swing.JComponent.repaint(JComponent.java:4905)
	at java.desktop/java.awt.Component.repaint(Component.java:3395)
	at java.desktop/javax.swing.JComponent.setFont(JComponent.java:2833)
	at java.desktop/javax.swing.LookAndFeel.installColorsAndFont(LookAndFeel.java:213)
	at java.desktop/javax.swing.plaf.basic.BasicPanelUI.installDefaults(BasicPanelUI.java:82)
	at java.desktop/javax.swing.plaf.basic.BasicPanelUI.installUI(BasicPanelUI.java:67)
	at java.desktop/javax.swing.JComponent.setUI(JComponent.java:740)
	at java.desktop/javax.swing.JPanel.setUI(JPanel.java:153)
	at java.desktop/javax.swing.JPanel.updateUI(JPanel.java:129)
	at java.desktop/javax.swing.JPanel.&lt;init&gt;(JPanel.java:89)
	at java.desktop/javax.swing.JPanel.&lt;init&gt;(JPanel.java:112)
	at java.desktop/javax.swing.JPanel.&lt;init&gt;(JPanel.java:120)
	at java.desktop/javax.swing.JRootPane.createGlassPane(JRootPane.java:508)
	at java.desktop/javax.swing.JRootPane.&lt;init&gt;(JRootPane.java:335)
	at java.desktop/javax.swing.JFrame.createRootPane(JFrame.java:279)
	at java.desktop/javax.swing.JFrame.frameInit(JFrame.java:258)
	at java.desktop/javax.swing.JFrame.&lt;init&gt;(JFrame.java:181)
	at com.example.App.&lt;init&gt;(App.java:27)
	at com.example.AppTest.testAppConstructor(AppTest.java:45)
	at java.base/jdk.internal.reflect.DirectMethodHandleAccessor.invoke(DirectMethodHandleAccessor.java:103)
	at java.base/java.lang.reflect.Method.invoke(Method.java:580)
	at org.junit.runners.model.FrameworkMethod$1.runReflectiveCall(FrameworkMethod.java:59)
	at org.junit.internal.runners.model.ReflectiveCallable.run(ReflectiveCallable.java:12)
	at org.junit.runners.model.FrameworkMethod.invokeExplosively(FrameworkMethod.java:56)
	at org.junit.internal.runners.statements.InvokeMethod.evaluate(InvokeMethod.java:17)
	at org.junit.internal.runners.statements.RunBefores.evaluate(RunBefores.java:26)
	at org.junit.internal.runners.statements.RunAfters.evaluate(RunAfters.java:27)
	at org.junit.runners.ParentRunner$3.evaluate(ParentRunner.java:306)
	at org.junit.runners.BlockJUnit4ClassRunner$1.evaluate(BlockJUnit4ClassRunner.java:100)
	at org.junit.runners.ParentRunner.runLeaf(ParentRunner.java:366)
	at org.junit.runners.BlockJUnit4ClassRunner.runChild(BlockJUnit4ClassRunner.java:103)
	at org.junit.runners.BlockJUnit4ClassRunner.runChild(BlockJUnit4ClassRunner.java:63)
	at org.junit.runners.ParentRunner$4.run(ParentRunner.java:331)
	at org.junit.runners.ParentRunner$1.schedule(ParentRunner.java:79)
	at org.junit.runners.ParentRunner.runChildren(ParentRunner.java:329)
	at org.junit.runners.ParentRunner.access$100(ParentRunner.java:66)
	at org.junit.runners.ParentRunner$2.evaluate(ParentRunner.java:293)
	at org.junit.internal.runners.statements.RunBefores.evaluate(RunBefores.java:26)
	at org.junit.internal.runners.statements.RunAfters.evaluate(RunAfters.java:27)
	at org.junit.runners.ParentRunner$3.evaluate(ParentRunner.java:306)
	at org.junit.runners.ParentRunner.run(ParentRunner.java:413)
	at org.apache.maven.surefire.junit4.JUnit4Provider.execute(JUnit4Provider.java:252)
	at org.apache.maven.surefire.junit4.JUnit4Provider.executeTestSet(JUnit4Provider.java:141)
	at org.apache.maven.surefire.junit4.JUnit4Provider.invoke(JUnit4Provider.java:112)
	at java.base/jdk.internal.reflect.DirectMethodHandleAccessor.invoke(DirectMethodHandleAccessor.java:103)
	at java.base/java.lang.reflect.Method.invoke(Method.java:580)
	at org.apache.maven.surefire.util.ReflectionUtils.invokeMethodWithArray(ReflectionUtils.java:189)
	at org.apache.maven.surefire.booter.ProviderFactory$ProviderProxy.invoke(ProviderFactory.java:165)
	at org.apache.maven.surefire.booter.ProviderFactory.invokeProvider(ProviderFactory.java:85)
	at org.apache.maven.surefire.booter.ForkedBooter.runSuitesInProcess(ForkedBooter.java:115)
	at org.apache.maven.surefire.booter.ForkedBooter.main(ForkedBooter.java:75)
</error>
  </testcase>
</testsuite>