<?xml version="1.0" encoding="UTF-8" ?>
<testsuite tests="3" failures="0" name="com.example.AppTest" time="2.07" errors="2" skipped="0">
  <properties>
[...]
</properties>
  <testcase classname="com.example.AppTest" name="shouldAnswerWithTrue" time="0.813"/>
  <testcase classname="com.example.AppTest" name="testInitializeFrame" time="0.739">
    <error message="EDT violation detected" type="org.assertj.swing.exception.EdtViolationException">org.assertj.swing.exception.EdtViolationException: EDT violation detected
	at java.base/java.lang.Thread.getStackTrace(Thread.java:2389)
	at org.assertj.swing.edt.CheckThreadViolationRepaintManager.checkThreadViolations(CheckThreadViolationRepaintManager.java:82)
	at org.assertj.swing.edt.CheckThreadViolationRepaintManager.addDirtyRegion(CheckThreadViolationRepaintManager.java:65)
	at org.assertj.swing.edt.FailOnThreadViolationRepaintManager.addDirtyRegion(FailOnThreadViolationRepaintManager.java:33)
	at java.desktop/javax.swing.JComponent.repaint(JComponent.java:4905)
	at java.desktop/java.awt.Component.repaint(Component.java:3395)
	at java.desktop/javax.swing.JComponent.setFont(JComponent.java:2833)
	at java.desktop/javax.swing.LookAndFeel.installColorsAndFont(LookAndFeel.java:213)
	at java.desktop/javax.swing.plaf.basic.BasicPanelUI.installDefaults(BasicPanelUI.java:82)
	at java.desktop/javax.swing.plaf.basic.BasicPanelUI.installUI(BasicPanelUI.java:67)
	at java.desktop/javax.swing.JComponent.setUI(JComponent.java:740)
	at java.desktop/javax.swing.JPanel.setUI(JPanel.java:153)
	at java.desktop/javax.swing.JPanel.updateUI(JPanel.java:129)
	at java.desktop/javax.swing.JPanel.&lt;init&gt;(JPanel.java:89)
	at java.desktop/javax.swing.JPanel.&lt;init&gt;(JPanel.java:112)
	at java.desktop/javax.swing.JPanel.&lt;init&gt;(JPanel.java:120)
	at java.desktop/javax.swing.JRootPane.createGlassPane(JRootPane.java:508)
	at java.desktop/javax.swing.JRootPane.&lt;init&gt;(JRootPane.java:335)
	at java.desktop/javax.swing.JFrame.createRootPane(JFrame.java:279)
	at java.desktop/javax.swing.JFrame.frameInit(JFrame.java:258)
	at java.desktop/javax.swing.JFrame.&lt;init&gt;(JFrame.java:181)
	at com.example.App.&lt;init&gt;(App.java:27)
	at com.example.AppTest.testInitializeFrame(AppTest.java:53)
	at java.base/jdk.internal.reflect.DirectMethodHandleAccessor.invoke(DirectMethodHandleAccessor.java:103)
	at java.base/java.lang.reflect.Method.invoke(Method.java:580)
	at org.junit.runners.model.FrameworkMethod$1.runReflectiveCall(FrameworkMethod.java:59)
	at org.junit.internal.runners.model.ReflectiveCallable.run(ReflectiveCallable.java:12)
	at org.junit.runners.model.FrameworkMethod.invokeExplosively(FrameworkMethod.java:56)
	at org.junit.internal.runners.statements.InvokeMethod.evaluate(InvokeMethod.java:17)
	at org.junit.internal.runners.statements.RunBefores.evaluate(RunBefores.java:26)
	at org.junit.internal.runners.statements.RunAfters.evaluate(RunAfters.java:27)
	at org.junit.runners.ParentRunner$3.evaluate(ParentRunner.java:306)
	at org.junit.runners.BlockJUnit4ClassRunner$1.evaluate(BlockJUnit4ClassRunner.java:100)
	at org.junit.runners.ParentRunner.runLeaf(ParentRunner.java:366)
	at org.junit.runners.BlockJUnit4ClassRunner.runChild(BlockJUnit4ClassRunner.java:103)
	at org.junit.runners.BlockJUnit4ClassRunner.runChild(BlockJUnit4ClassRunner.java:63)
	at org.junit.runners.ParentRunner$4.run(ParentRunner.java:331)
	at org.junit.runners.ParentRunner$1.schedule(ParentRunner.java:79)
	at org.junit.runners.ParentRunner.runChildren(ParentRunner.java:329)
	at org.junit.runners.ParentRunner.access$100(ParentRunner.java:66)
	at org.junit.runners.ParentRunner$2.evaluate(ParentRunner.java:293)
	at org.junit.internal.runners.statements.RunBefores.evaluate(RunBefores.java:26)
	at org.junit.internal.runners.statements.RunAfters.evaluate(RunAfters.java:27)
	at org.junit.runners.ParentRunner$3.evaluate(ParentRunner.java:306)
	at org.junit.runners.ParentRunner.run(ParentRunner.java:413)
	at org.apache.maven.surefire.junit4.JUnit4Provider.execute(JUnit4Provider.java:252)
	at org.apache.maven.surefire.junit4.JUnit4Provider.executeTestSet(JUnit4Provider.java:141)
	at org.apache.maven.surefire.junit4.JUnit4Provider.invoke(JUnit4Provider.java:112)
	at java.base/jdk.internal.reflect.DirectMethodHandleAccessor.invoke(DirectMethodHandleAccessor.java:103)
	at java.base/java.lang.reflect.Method.invoke(Method.java:580)
	at org.apache.maven.surefire.util.ReflectionUtils.invokeMethodWithArray(ReflectionUtils.java:189)
	at org.apache.maven.surefire.booter.ProviderFactory$ProviderProxy.invoke(ProviderFactory.java:165)
	at org.apache.maven.surefire.booter.ProviderFactory.invokeProvider(ProviderFactory.java:85)
	at org.apache.maven.surefire.booter.ForkedBooter.runSuitesInProcess(ForkedBooter.java:115)
	at org.apache.maven.surefire.booter.ForkedBooter.main(ForkedBooter.java:75)
</error>
  </testcase>
  <testcase classname="com.example.AppTest" name="testAppConstructor" time="0.518">
    <error message="EDT violation detected" type="org.assertj.swing.exception.EdtViolationException">org.assertj.swing.exception.EdtViolationException: EDT violation detected
	at java.base/java.lang.Thread.getStackTrace(Thread.java:2389)
	at org.assertj.swing.edt.CheckThreadViolationRepaintManager.checkThreadViolations(CheckThreadViolationRepaintManager.java:82)
	at org.assertj.swing.edt.CheckThreadViolationRepaintManager.addDirtyRegion(CheckThreadViolationRepaintManager.java:65)
	at org.assertj.swing.edt.FailOnThreadViolationRepaintManager.addDirtyRegion(FailOnThreadViolationRepaintManager.java:33)
	at java.desktop/javax.swing.JComponent.repaint(JComponent.java:4905)
	at java.desktop/java.awt.Component.repaint(Component.java:3395)
	at java.desktop/javax.swing.JComponent.setFont(JComponent.java:2833)
	at java.desktop/javax.swing.LookAndFeel.installColorsAndFont(LookAndFeel.java:213)
	at java.desktop/javax.swing.plaf.basic.BasicPanelUI.installDefaults(BasicPanelUI.java:82)
	at java.desktop/javax.swing.plaf.basic.BasicPanelUI.installUI(BasicPanelUI.java:67)
	at java.desktop/javax.swing.JComponent.setUI(JComponent.java:740)
	at java.desktop/javax.swing.JPanel.setUI(JPanel.java:153)
	at java.desktop/javax.swing.JPanel.updateUI(JPanel.java:129)
	at java.desktop/javax.swing.JPanel.&lt;init&gt;(JPanel.java:89)
	at java.desktop/javax.swing.JPanel.&lt;init&gt;(JPanel.java:112)
	at java.desktop/javax.swing.JPanel.&lt;init&gt;(JPanel.java:120)
	at java.desktop/javax.swing.JRootPane.createGlassPane(JRootPane.java:508)
	at java.desktop/javax.swing.JRootPane.&lt;init&gt;(JRootPane.java:335)
	at java.desktop/javax.swing.JFrame.createRootPane(JFrame.java:279)
	at java.desktop/javax.swing.JFrame.frameInit(JFrame.java:258)
	at java.desktop/javax.swing.JFrame.&lt;init&gt;(JFrame.java:181)
	at com.example.App.&lt;init&gt;(App.java:27)
	at com.example.AppTest.testAppConstructor(AppTest.java:45)
	at java.base/jdk.internal.reflect.DirectMethodHandleAccessor.invoke(DirectMethodHandleAccessor.java:103)
	at java.base/java.lang.reflect.Method.invoke(Method.java:580)
	at org.junit.runners.model.FrameworkMethod$1.runReflectiveCall(FrameworkMethod.java:59)
	at org.junit.internal.runners.model.ReflectiveCallable.run(ReflectiveCallable.java:12)
	at org.junit.runners.model.FrameworkMethod.invokeExplosively(FrameworkMethod.java:56)
	at org.junit.internal.runners.statements.InvokeMethod.evaluate(InvokeMethod.java:17)
	at org.junit.internal.runners.statements.RunBefores.evaluate(RunBefores.java:26)
	at org.junit.internal.runners.statements.RunAfters.evaluate(RunAfters.java:27)
	at org.junit.runners.ParentRunner$3.evaluate(ParentRunner.java:306)
	at org.junit.runners.BlockJUnit4ClassRunner$1.evaluate(BlockJUnit4ClassRunner.java:100)
	at org.junit.runners.ParentRunner.runLeaf(ParentRunner.java:366)
	at org.junit.runners.BlockJUnit4ClassRunner.runChild(BlockJUnit4ClassRunner.java:103)
	at org.junit.runners.BlockJUnit4ClassRunner.runChild(BlockJUnit4ClassRunner.java:63)
	at org.junit.runners.ParentRunner$4.run(ParentRunner.java:331)
	at org.junit.runners.ParentRunner$1.schedule(ParentRunner.java:79)
	at org.junit.runners.ParentRunner.runChildren(ParentRunner.java:329)
	at org.junit.runners.ParentRunner.access$100(ParentRunner.java:66)
	at org.junit.runners.ParentRunner$2.evaluate(ParentRunner.java:293)
	at org.junit.internal.runners.statements.RunBefores.evaluate(RunBefores.java:26)
	at org.junit.internal.runners.statements.RunAfters.evaluate(RunAfters.java:27)
	at org.junit.runners.ParentRunner$3.evaluate(ParentRunner.java:306)
	at org.junit.runners.ParentRunner.run(ParentRunner.java:413)
	at org.apache.maven.surefire.junit4.JUnit4Provider.execute(JUnit4Provider.java:252)
	at org.apache.maven.surefire.junit4.JUnit4Provider.executeTestSet(JUnit4Provider.java:141)
	at org.apache.maven.surefire.junit4.JUnit4Provider.invoke(JUnit4Provider.java:112)
	at java.base/jdk.internal.reflect.DirectMethodHandleAccessor.invoke(DirectMethodHandleAccessor.java:103)
	at java.base/java.lang.reflect.Method.invoke(Method.java:580)
	at org.apache.maven.surefire.util.ReflectionUtils.invokeMethodWithArray(ReflectionUtils.java:189)
	at org.apache.maven.surefire.booter.ProviderFactory$ProviderProxy.invoke(ProviderFactory.java:165)
	at org.apache.maven.surefire.booter.ProviderFactory.invokeProvider(ProviderFactory.java:85)
	at org.apache.maven.surefire.booter.ForkedBooter.runSuitesInProcess(ForkedBooter.java:115)
	at org.apache.maven.surefire.booter.ForkedBooter.main(ForkedBooter.java:75)
</error>
  </testcase>
</testsuite>